0 info it worked if it ends with ok
1 verbose cli [ 'C:\\Program Files (x86)\\nodejs\\node.exe',
1 verbose cli   'C:\\Users\\Yang\\AppData\\Roaming\\npm\\node_modules\\cnpm\\node_modules\\npm\\bin\\npm-cli.js',
1 verbose cli   '--userconfig=C:\\Users\\Yang\\.cnpmrc',
1 verbose cli   '--disturl=https://npm.taobao.org/mirrors/node',
1 verbose cli   '--cache=C:\\Users\\Yang\\.cnpm',
1 verbose cli   '--registry=https://registry.npm.taobao.org',
1 verbose cli   '--node-gyp=C:\\Users\\Yang\\AppData\\Roaming\\npm\\node_modules\\cnpm\\node_modules\\pangyp\\bin\\node-gyp.js',
1 verbose cli   'install',
1 verbose cli   'node-inspector',
1 verbose cli   '-g' ]
2 info using npm@2.13.5
3 info using node@v4.4.6
4 verbose install initial load of C:\Program Files (x86)\nodejs\package.json
5 verbose readDependencies loading dependencies from C:\Program Files (x86)\nodejs\package.json
6 silly cache add args [ 'node-inspector', null ]
7 verbose cache add spec node-inspector
8 silly cache add parsed spec Result {
8 silly cache add   raw: 'node-inspector',
8 silly cache add   scope: null,
8 silly cache add   name: 'node-inspector',
8 silly cache add   rawSpec: '',
8 silly cache add   spec: '*',
8 silly cache add   type: 'range' }
9 silly addNamed node-inspector@*
10 verbose addNamed "*" is a valid semver range for node-inspector
11 silly addNameRange { name: 'node-inspector', range: '*', hasData: false }
12 silly mapToRegistry name node-inspector
13 silly mapToRegistry using default registry
14 silly mapToRegistry registry https://registry.npm.taobao.org/
15 silly mapToRegistry uri https://registry.npm.taobao.org/node-inspector
16 verbose addNameRange registry:https://registry.npm.taobao.org/node-inspector not in flight; fetching
17 verbose request uri https://registry.npm.taobao.org/node-inspector
18 verbose request no auth needed
19 info attempt registry request try #1 at 23:46:05
20 verbose request id 1fab49c39425690c
21 http request GET https://registry.npm.taobao.org/node-inspector
22 http 200 https://registry.npm.taobao.org/node-inspector
23 silly get cb [ 200,
23 silly get   { date: 'Mon, 27 Jun 2016 15:46:01 GMT',
23 silly get     'content-type': 'application/json; charset=utf-8',
23 silly get     'content-length': '162588',
23 silly get     connection: 'keep-alive',
23 silly get     etag: '"27b1c-uC6kaj934xZ+mj8BixvuwA"',
23 silly get     'x-readtime': '154' } ]
24 verbose get saving node-inspector to C:\Users\Yang\.cnpm\registry.npm.taobao.org\node-inspector\.cache.json
25 silly addNameRange number 2 { name: 'node-inspector', range: '*', hasData: true }
26 silly addNameRange versions [ 'node-inspector',
26 silly addNameRange   [ '0.12.8',
26 silly addNameRange     '0.12.7',
26 silly addNameRange     '0.12.6',
26 silly addNameRange     '0.12.5',
26 silly addNameRange     '0.12.4',
26 silly addNameRange     '0.12.3',
26 silly addNameRange     '0.12.2',
26 silly addNameRange     '0.12.1',
26 silly addNameRange     '0.12.0',
26 silly addNameRange     '0.11.2',
26 silly addNameRange     '0.11.1',
26 silly addNameRange     '0.11.0',
26 silly addNameRange     '0.10.2',
26 silly addNameRange     '0.10.1',
26 silly addNameRange     '0.10.0',
26 silly addNameRange     '0.9.2',
26 silly addNameRange     '0.9.1',
26 silly addNameRange     '0.9.0',
26 silly addNameRange     '0.8.3',
26 silly addNameRange     '0.8.1',
26 silly addNameRange     '0.8.0',
26 silly addNameRange     '0.7.4',
26 silly addNameRange     '0.7.3',
26 silly addNameRange     '0.2.0-beta1',
26 silly addNameRange     '0.2.0-beta2',
26 silly addNameRange     '0.2.0-beta3',
26 silly addNameRange     '0.2.0-beta4',
26 silly addNameRange     '0.7.0-2',
26 silly addNameRange     '0.3.1',
26 silly addNameRange     '0.1.9',
26 silly addNameRange     '0.1.1',
26 silly addNameRange     '0.0.3',
26 silly addNameRange     '0.7.2',
26 silly addNameRange     '0.7.1',
26 silly addNameRange     '0.7.0',
26 silly addNameRange     '0.3.0-preview1',
26 silly addNameRange     '0.7.0-1',
26 silly addNameRange     '0.6.2',
26 silly addNameRange     '0.6.1',
26 silly addNameRange     '0.6.0',
26 silly addNameRange     '0.5.0',
26 silly addNameRange     '0.4.0',
26 silly addNameRange     '0.3.4',
26 silly addNameRange     '0.3.3',
26 silly addNameRange     '0.3.2',
26 silly addNameRange     '0.3.0',
26 silly addNameRange     '0.1.10',
26 silly addNameRange     '0.1.8',
26 silly addNameRange     '0.1.0',
26 silly addNameRange     '0.0.1',
26 silly addNameRange     '0.0.2',
26 silly addNameRange     '0.1.7',
26 silly addNameRange     '0.1.5',
26 silly addNameRange     '0.1.4',
26 silly addNameRange     '0.1.3',
26 silly addNameRange     '0.1.2',
26 silly addNameRange     '0.1.6',
26 silly addNameRange     '0.0.4' ] ]
27 silly addNamed node-inspector@0.12.8
28 verbose addNamed "0.12.8" is a plain semver version for node-inspector
29 silly mapToRegistry name node-inspector
30 silly mapToRegistry using default registry
31 silly mapToRegistry registry https://registry.npm.taobao.org/
32 silly mapToRegistry uri https://registry.npm.taobao.org/node-inspector
33 verbose addRemoteTarball https://registry.npm.taobao.org/node-inspector/download/node-inspector-0.12.8.tgz not in flight; adding
34 verbose addRemoteTarball [ 'https://registry.npm.taobao.org/node-inspector/download/node-inspector-0.12.8.tgz',
34 verbose addRemoteTarball   'a59c3dc47cb08d15a2e526be3a1da7d64e5c227f' ]
35 info retry fetch attempt 1 at 23:46:07
36 info attempt registry request try #1 at 23:46:07
37 http fetch GET https://registry.npm.taobao.org/node-inspector/download/node-inspector-0.12.8.tgz
38 http fetch 200 https://registry.npm.taobao.org/node-inspector/download/node-inspector-0.12.8.tgz
39 silly fetchAndShaCheck shasum a59c3dc47cb08d15a2e526be3a1da7d64e5c227f
40 verbose addTmpTarball C:\Users\Yang\AppData\Local\Temp\npm-11392-3444fb71\registry.npm.taobao.org\node-inspector\download\node-inspector-0.12.8.tgz not in flight; adding
41 verbose addTmpTarball already have metadata; skipping unpack for node-inspector@0.12.8
42 silly cache afterAdd node-inspector@0.12.8
43 verbose afterAdd C:\Users\Yang\.cnpm\node-inspector\0.12.8\package\package.json not in flight; writing
44 verbose afterAdd C:\Users\Yang\.cnpm\node-inspector\0.12.8\package\package.json written
45 silly install resolved [ { name: 'node-inspector',
45 silly install resolved     version: '0.12.8',
45 silly install resolved     description: 'Web Inspector based nodeJS debugger',
45 silly install resolved     homepage: 'http://github.com/node-inspector/node-inspector',
45 silly install resolved     author: { name: 'Danny Coates', email: 'dannycoates@gmail.com' },
45 silly install resolved     keywords: [ 'debug', 'debugger', 'inspector', 'profiler' ],
45 silly install resolved     repository:
45 silly install resolved      { type: 'git',
45 silly install resolved        url: 'git+ssh://git@github.com/node-inspector/node-inspector.git' },
45 silly install resolved     engines: { node: '>=0.8.0' },
45 silly install resolved     bin:
45 silly install resolved      { 'node-inspector': './bin/inspector.js',
45 silly install resolved        'node-debug': './bin/node-debug.js' },
45 silly install resolved     dependencies:
45 silly install resolved      { async: '~0.9',
45 silly install resolved        'biased-opener': '~0.2.2',
45 silly install resolved        debug: '^2.2.0',
45 silly install resolved        express: '^4.12.3',
45 silly install resolved        glob: '^5.0.5',
45 silly install resolved        'path-is-absolute': '^1.0.0',
45 silly install resolved        rc: '^1.0.1',
45 silly install resolved        semver: '^4.3.4',
45 silly install resolved        'serve-favicon': '^2.1.1',
45 silly install resolved        'strong-data-uri': '^1.0.0',
45 silly install resolved        'v8-debug': '~0.7.1',
45 silly install resolved        'v8-profiler': '~5.6.0',
45 silly install resolved        which: '^1.1.1',
45 silly install resolved        ws: '^1.0.1',
45 silly install resolved        yargs: '^3.9.0' },
45 silly install resolved     devDependencies:
45 silly install resolved      { promise: '^7.0.3',
45 silly install resolved        mocha: '^1.21',
45 silly install resolved        chai: '^2.1',
45 silly install resolved        jshint: '^2.4.4',
45 silly install resolved        'fs-extra': '~0.8.1' },
45 silly install resolved     preferGlobal: true,
45 silly install resolved     scripts:
45 silly install resolved      { pretest: 'jshint .',
45 silly install resolved        test: 'mocha',
45 silly install resolved        'generate-front-end': 'node --harmony tools/generate-front-end' },
45 silly install resolved     contributors:
45 silly install resolved      [ [Object],
45 silly install resolved        [Object],
45 silly install resolved        [Object],
45 silly install resolved        [Object],
45 silly install resolved        [Object],
45 silly install resolved        [Object],
45 silly install resolved        [Object],
45 silly install resolved        [Object],
45 silly install resolved        [Object],
45 silly install resolved        [Object],
45 silly install resolved        [Object],
45 silly install resolved        [Object],
45 silly install resolved        [Object],
45 silly install resolved        [Object],
45 silly install resolved        [Object],
45 silly install resolved        [Object],
45 silly install resolved        [Object],
45 silly install resolved        [Object],
45 silly install resolved        [Object],
45 silly install resolved        [Object],
45 silly install resolved        [Object],
45 silly install resolved        [Object],
45 silly install resolved        [Object],
45 silly install resolved        [Object],
45 silly install resolved        [Object],
45 silly install resolved        [Object],
45 silly install resolved        [Object],
45 silly install resolved        [Object],
45 silly install resolved        [Object],
45 silly install resolved        [Object],
45 silly install resolved        [Object] ],
45 silly install resolved     gitHead: 'c2dd1eb0129d3d27528a09a8c1d0997f9485ed3c',
45 silly install resolved     bugs: { url: 'https://github.com/node-inspector/node-inspector/issues' },
45 silly install resolved     _id: 'node-inspector@0.12.8',
45 silly install resolved     _shasum: 'a59c3dc47cb08d15a2e526be3a1da7d64e5c227f',
45 silly install resolved     _from: 'node-inspector@*',
45 silly install resolved     _npmVersion: '2.14.12',
45 silly install resolved     _nodeVersion: '4.3.0',
45 silly install resolved     _npmUser: { name: '3y3', email: '3y3@bk.ru' },
45 silly install resolved     dist:
45 silly install resolved      { shasum: 'a59c3dc47cb08d15a2e526be3a1da7d64e5c227f',
45 silly install resolved        size: 2225366,
45 silly install resolved        noattachment: false,
45 silly install resolved        tarball: 'http://registry.npm.taobao.org/node-inspector/download/node-inspector-0.12.8.tgz' },
45 silly install resolved     maintainers: [ [Object], [Object], [Object], [Object], [Object] ],
45 silly install resolved     _npmOperationalInternal:
45 silly install resolved      { host: 'packages-12-west.internal.npmjs.com',
45 silly install resolved        tmp: 'tmp/node-inspector-0.12.8.tgz_1460144653202_0.7097845498938113' },
45 silly install resolved     directories: {},
45 silly install resolved     publish_time: 1460144656715,
45 silly install resolved     _cnpm_publish_time: 1460144656715,
45 silly install resolved     _resolved: 'https://registry.npm.taobao.org/node-inspector/download/node-inspector-0.12.8.tgz' } ]
46 info install node-inspector@0.12.8 into C:\Program Files (x86)\nodejs
47 info installOne node-inspector@0.12.8
48 verbose installOne of node-inspector to C:\Program Files (x86)\nodejs not in flight; installing
49 verbose lock using C:\Users\Yang\.cnpm\_locks\node-inspector-e35195af5d2ff861.lock for C:\Program Files (x86)\nodejs\node_modules\node-inspector
50 silly install write writing node-inspector 0.12.8 to C:\Program Files (x86)\nodejs\node_modules\node-inspector
51 verbose unbuild node_modules\node-inspector
52 silly gentlyRm C:\Program Files (x86)\nodejs\node_modules\node-inspector is being purged from base C:\Program Files (x86)\nodejs
53 verbose gentlyRm don't care about contents; nuking C:\Program Files (x86)\nodejs\node_modules\node-inspector
54 verbose tar unpack C:\Users\Yang\.cnpm\node-inspector\0.12.8\package.tgz
55 verbose tar unpacking to C:\Program Files (x86)\nodejs\node_modules\node-inspector
56 silly gentlyRm C:\Program Files (x86)\nodejs\node_modules\node-inspector is being purged
57 verbose gentlyRm don't care about contents; nuking C:\Program Files (x86)\nodejs\node_modules\node-inspector
58 silly gunzTarPerm modes [ '777', '666' ]
59 error tar.unpack untar error C:\Users\Yang\.cnpm\node-inspector\0.12.8\package.tgz
60 verbose unlock done using C:\Users\Yang\.cnpm\_locks\node-inspector-e35195af5d2ff861.lock for C:\Program Files (x86)\nodejs\node_modules\node-inspector
61 verbose fstream_path C:\Program Files (x86)\nodejs\node_modules\node-inspector
62 verbose fstream_type Directory
63 verbose fstream_class DirWriter
64 verbose stack Error: EPERM: operation not permitted, mkdir 'C:\Program Files (x86)\nodejs\node_modules\node-inspector'
64 verbose stack     at Error (native)
65 verbose fstream_stack C:\Users\Yang\AppData\Roaming\npm\node_modules\cnpm\node_modules\npm\node_modules\fstream\lib\dir-writer.js:35:25
65 verbose fstream_stack C:\Users\Yang\AppData\Roaming\npm\node_modules\cnpm\node_modules\npm\node_modules\mkdirp\index.js:47:53
65 verbose fstream_stack FSReqWrap.oncomplete (fs.js:82:15)
66 verbose cwd E:\src\Unreal.js\Examples
67 error Windows_NT 10.0.10586
68 error argv "C:\\Program Files (x86)\\nodejs\\node.exe" "C:\\Users\\Yang\\AppData\\Roaming\\npm\\node_modules\\cnpm\\node_modules\\npm\\bin\\npm-cli.js" "--userconfig=C:\\Users\\Yang\\.cnpmrc" "--disturl=https://npm.taobao.org/mirrors/node" "--cache=C:\\Users\\Yang\\.cnpm" "--registry=https://registry.npm.taobao.org" "--node-gyp=C:\\Users\\Yang\\AppData\\Roaming\\npm\\node_modules\\cnpm\\node_modules\\pangyp\\bin\\node-gyp.js" "install" "node-inspector" "-g"
69 error node v4.4.6
70 error npm  v2.13.5
71 error path C:\Program Files (x86)\nodejs\node_modules\node-inspector
72 error code EPERM
73 error errno -4048
74 error syscall mkdir
75 error Error: EPERM: operation not permitted, mkdir 'C:\Program Files (x86)\nodejs\node_modules\node-inspector'
75 error     at Error (native)
75 error  { [Error: EPERM: operation not permitted, mkdir 'C:\Program Files (x86)\nodejs\node_modules\node-inspector']
75 error   errno: -4048,
75 error   code: 'EPERM',
75 error   syscall: 'mkdir',
75 error   path: 'C:\\Program Files (x86)\\nodejs\\node_modules\\node-inspector',
75 error   fstream_type: 'Directory',
75 error   fstream_path: 'C:\\Program Files (x86)\\nodejs\\node_modules\\node-inspector',
75 error   fstream_class: 'DirWriter',
75 error   fstream_stack:
75 error    [ 'C:\\Users\\Yang\\AppData\\Roaming\\npm\\node_modules\\cnpm\\node_modules\\npm\\node_modules\\fstream\\lib\\dir-writer.js:35:25',
75 error      'C:\\Users\\Yang\\AppData\\Roaming\\npm\\node_modules\\cnpm\\node_modules\\npm\\node_modules\\mkdirp\\index.js:47:53',
75 error      'FSReqWrap.oncomplete (fs.js:82:15)' ] }
76 error Please try running this command again as root/Administrator.
77 verbose exit [ -4048, true ]
78 verbose unbuild node_modules\node-inspector
79 silly gentlyRm C:\Program Files (x86)\nodejs\node_modules\node-inspector is being purged from base C:\Program Files (x86)\nodejs
80 verbose gentlyRm don't care about contents; nuking C:\Program Files (x86)\nodejs\node_modules\node-inspector
